

Code Coverage Report:       
  2017-09-13 04:52:30       
                            
 Summary:                   
  Classes: 20.51% (8/39)    
  Methods: 42.49% (99/233)  
  Lines:   46.22% (684/1480)

\QzPhp::Arr
  Methods:  42.86% ( 3/ 7)   Lines:  31.25% (  5/ 16)
\QzPhp::BoolToYesNo
  Methods: 100.00% ( 2/ 2)   Lines: 100.00% ( 12/ 12)
\QzPhp::CUrl
  Methods:  14.29% ( 1/ 7)   Lines:   3.45% (  2/ 58)
\QzPhp::ClassGenerator
  Methods:  47.06% ( 8/17)   Lines:  70.83% ( 51/ 72)
\QzPhp::ConnectionBuilder
  Methods:  66.67% ( 2/ 3)   Lines:  96.67% ( 29/ 30)
\QzPhp::DBGenerator
  Methods: 100.00% ( 1/ 1)   Lines: 100.00% (  5/  5)
\QzPhp::Enum
  Methods:  50.00% (12/24)   Lines:  63.38% ( 45/ 71)
\QzPhp::Expirable
  Methods: 100.00% ( 1/ 1)   Lines: 100.00% (  4/  4)
\QzPhp::FileReader
  Methods:  33.33% ( 1/ 3)   Lines:  91.38% ( 53/ 58)
\QzPhp::Geo
  Methods: 100.00% ( 2/ 2)   Lines: 100.00% ( 15/ 15)
\QzPhp::IO
  Methods:  52.94% ( 9/17)   Lines:  22.12% ( 23/104)
\QzPhp::Linq
  Methods:  16.67% ( 4/24)   Lines:  43.46% ( 83/191)
\QzPhp::NullExpirable
  Methods:  66.67% ( 2/ 3)   Lines:  75.00% (  6/  8)
\QzPhp::Q
  Methods:  73.08% (19/26)   Lines:  72.00% ( 54/ 75)
\QzPhp::QDB
  Methods:  33.33% ( 3/ 9)   Lines:  46.23% ( 49/106)
\QzPhp::Str
  Methods:  60.00% ( 3/ 5)   Lines:  78.57% ( 22/ 28)
\QzPhp::Time
  Methods: 100.00% ( 1/ 1)   Lines: 100.00% ( 10/ 10)
\QzPhp::Url
  Methods:  66.67% ( 2/ 3)   Lines:  64.44% ( 29/ 45)
\QzPhp::Uuid
  Methods:  50.00% ( 1/ 2)   Lines:  50.00% (  4/  8)
\QzPhp\AutoMapper::ClassConvertGenerator
  Methods:  28.57% ( 2/ 7)   Lines:  49.03% ( 76/155)
\QzPhp\AutoMapper::KeyValueConvertGenerator
  Methods: 100.00% ( 2/ 2)   Lines: 100.00% ( 25/ 25)
\QzPhp\AutoMapper::ValueConverter
  Methods: 100.00% ( 3/ 3)   Lines: 100.00% (  6/  6)
\QzPhp\Connection::FtpConnection
  Methods:   0.00% ( 0/ 2)   Lines:  56.00% ( 14/ 25)
\QzPhp\Connection::LocalFileConnection
  Methods: 100.00% ( 2/ 2)   Lines: 100.00% ( 13/ 13)
\QzPhp\Connection::NetworkFileConnection
  Methods:  50.00% ( 1/ 2)   Lines:  90.00% (  9/ 10)
\QzPhp\Logs::ConsoleLog
  Methods:  50.00% ( 2/ 4)   Lines:  50.00% (  4/  8)
\QzPhp\Logs::EmptyLog
  Methods:  20.00% ( 1/ 5)   Lines:  20.00% (  1/  5)
\QzPhp\Models::Result
  Methods:  64.29% ( 9/14)   Lines:  65.38% ( 17/ 26)
